<?xml version="1.0" encoding="UTF-8"?>
<!-- Generated by org.testng.reporters.JUnitXMLReporter -->
<testsuite hostname="DESKTOP-OQNCK28" ignored="0" name="Default test" tests="3" failures="0" timestamp="2020-07-15T22:33:59 IST" time="42.513" errors="0">
  <testcase name="registration" time="13.86" classname="mypro.MyStore"/>
  <testcase name="loginCredentials" time="2.603" classname="mypro.MyStore"/>
  <testcase name="searchbarAndAddToCart" time="8.888" classname="mypro.MyStore"/>
</testsuite> <!-- Default test -->
