<?xml version="1.0" encoding="UTF-8"?>
<testng-results skipped="0" failed="0" ignored="0" total="3" passed="3">
  <reporter-output>
  </reporter-output>
  <suite name="Default suite" duration-ms="42513" started-at="2020-07-15T22:33:16 IST" finished-at="2020-07-15T22:33:59 IST">
    <groups>
    </groups>
    <test name="Default test" duration-ms="42513" started-at="2020-07-15T22:33:16 IST" finished-at="2020-07-15T22:33:59 IST">
      <class name="mypro.MyStore">
        <test-method status="PASS" signature="setURL()[pri:0, instance:mypro.MyStore@887af79]" name="setURL" is-config="true" duration-ms="16699" started-at="2020-07-15T22:33:16 IST" finished-at="2020-07-15T22:33:33 IST">
          <reporter-output>
          </reporter-output>
        </test-method> <!-- setURL -->
        <test-method status="PASS" signature="registration()[pri:0, instance:mypro.MyStore@887af79]" name="registration" duration-ms="13860" started-at="2020-07-15T22:33:33 IST" finished-at="2020-07-15T22:33:47 IST">
          <reporter-output>
          </reporter-output>
        </test-method> <!-- registration -->
        <test-method status="PASS" signature="loginCredentials()[pri:1, instance:mypro.MyStore@887af79]" name="loginCredentials" duration-ms="2603" started-at="2020-07-15T22:33:47 IST" finished-at="2020-07-15T22:33:50 IST">
          <reporter-output>
          </reporter-output>
        </test-method> <!-- loginCredentials -->
        <test-method status="PASS" signature="searchbarAndAddToCart()[pri:2, instance:mypro.MyStore@887af79]" name="searchbarAndAddToCart" duration-ms="8888" started-at="2020-07-15T22:33:50 IST" finished-at="2020-07-15T22:33:59 IST">
          <reporter-output>
          </reporter-output>
        </test-method> <!-- searchbarAndAddToCart -->
      </class> <!-- mypro.MyStore -->
    </test> <!-- Default test -->
  </suite> <!-- Default suite -->
</testng-results>
